PaintMyRoom/app/build/outputs/logs/manifest-merger-debug-report.txt
-- Merging decision tree log ---
manifest
ADDED from src/main/AndroidManifest.xml:2:1-22:12
	xmlns:android
		ADDED from src/main/AndroidManifest.xml:2:11-69
	package
		ADDED from src/main/AndroidManifest.xml:3:7-32
		INJECTED from src/main/AndroidManifest.xml
		INJECTED from src/main/AndroidManifest.xml
	android:versionName
		ADDED from src/main/AndroidManifest.xml:5:7-41
		INJECTED from src/main/AndroidManifest.xml
		INJECTED from src/main/AndroidManifest.xml
	android:versionCode
		ADDED from src/main/AndroidManifest.xml:4:7-30
		INJECTED from src/main/AndroidManifest.xml
		INJECTED from src/main/AndroidManifest.xml
uses-permission#android.permission.CAMERA
ADDED from src/main/AndroidManifest.xml:6:5-65
	android:name
		ADDED from src/main/AndroidManifest.xml:6:22-62
uses-feature#android.hardware.camera
ADDED from src/main/AndroidManifest.xml:7:5-60
	android:name
		ADDED from src/main/AndroidManifest.xml:7:19-57
application
ADDED from src/main/AndroidManifest.xml:8:5-21:19
	android:label
		ADDED from src/main/AndroidManifest.xml:8:18-47
	android:icon
		ADDED from src/main/AndroidManifest.xml:8:48-77
activity#com.univie.mz11.MainActivity
ADDED from src/main/AndroidManifest.xml:9:9-17:20
	android:screenOrientation
		ADDED from src/main/AndroidManifest.xml:12:5-42
	android:label
		ADDED from src/main/AndroidManifest.xml:10:19-48
	android:name
		ADDED from src/main/AndroidManifest.xml:9:19-47
	android:launchMode
		ADDED from src/main/AndroidManifest.xml:11:13-44
intent-filter#android.intent.action.MAIN+android.intent.category.LAUNCHER
ADDED from src/main/AndroidManifest.xml:13:13-16:29
action#android.intent.action.MAIN
ADDED from src/main/AndroidManifest.xml:14:17-69
	android:name
		ADDED from src/main/AndroidManifest.xml:14:25-66
category#android.intent.category.LAUNCHER
ADDED from src/main/AndroidManifest.xml:15:17-77
	android:name
		ADDED from src/main/AndroidManifest.xml:15:27-74
activity#com.univie.mz11.ColorActivity
ADDED from src/main/AndroidManifest.xml:18:9-20:16
	android:screenOrientation
		ADDED from src/main/AndroidManifest.xml:19:9-46
	android:name
		ADDED from src/main/AndroidManifest.xml:18:19-63
uses-sdk
INJECTED from src/main/AndroidManifest.xml reason: use-sdk injection requested
	android:targetSdkVersion
		INJECTED from src/main/AndroidManifest.xml
		INJECTED from src/main/AndroidManifest.xml
	android:minSdkVersion
		INJECTED from src/main/AndroidManifest.xml
		INJECTED from src/main/AndroidManifest.xml